TN:
SF:src\server.js
FN:23,(anonymous_0)
FN:31,(anonymous_1)
FN:34,(anonymous_2)
FN:43,(anonymous_3)
FN:58,(anonymous_4)
FN:60,(anonymous_5)
FN:72,(anonymous_6)
FN:74,(anonymous_7)
FN:85,(anonymous_8)
FNF:9
FNH:9
FNDA:1,(anonymous_0)
FNDA:2,(anonymous_1)
FNDA:2,(anonymous_2)
FNDA:1,(anonymous_3)
FNDA:2,(anonymous_4)
FNDA:3,(anonymous_5)
FNDA:2,(anonymous_6)
FNDA:2,(anonymous_7)
FNDA:1,(anonymous_8)
DA:1,1
DA:2,1
DA:3,1
DA:4,1
DA:6,1
DA:7,1
DA:8,1
DA:9,1
DA:10,1
DA:23,1
DA:24,1
DA:31,1
DA:32,2
DA:33,2
DA:34,2
DA:35,2
DA:36,1
DA:43,1
DA:44,1
DA:50,1
DA:51,1
DA:58,1
DA:59,2
DA:60,3
DA:61,2
DA:62,1
DA:63,1
DA:64,1
DA:65,1
DA:72,1
DA:73,2
DA:74,2
DA:75,2
DA:77,1
DA:78,1
DA:79,1
DA:85,1
DA:86,1
DA:87,0
DA:89,1
DA:93,1
LF:41
LH:40
BRDA:6,0,0,1
BRDA:6,0,1,1
BRDA:35,1,0,1
BRDA:35,1,1,1
BRDA:61,2,0,1
BRDA:61,2,1,1
BRDA:75,3,0,1
BRDA:75,3,1,1
BRDA:86,4,0,0
BRDA:86,4,1,1
BRF:10
BRH:9
end_of_record
