TN:
SF:src\server.js
FN:20,(anonymous_0)
FN:29,(anonymous_1)
FN:37,(anonymous_2)
FN:40,(anonymous_3)
FN:49,(anonymous_4)
FN:64,(anonymous_5)
FN:66,(anonymous_6)
FN:78,(anonymous_7)
FN:80,(anonymous_8)
FN:91,(anonymous_9)
FNF:10
FNH:10
FNDA:9,(anonymous_0)
FNDA:1,(anonymous_1)
FNDA:2,(anonymous_2)
FNDA:2,(anonymous_3)
FNDA:1,(anonymous_4)
FNDA:2,(anonymous_5)
FNDA:3,(anonymous_6)
FNDA:2,(anonymous_7)
FNDA:2,(anonymous_8)
FNDA:1,(anonymous_9)
DA:1,1
DA:2,1
DA:3,1
DA:4,1
DA:6,1
DA:7,1
DA:8,1
DA:9,1
DA:10,1
DA:20,1
DA:21,9
DA:22,9
DA:23,9
DA:29,1
DA:30,1
DA:37,1
DA:38,2
DA:39,2
DA:40,2
DA:41,2
DA:42,1
DA:49,1
DA:50,1
DA:56,1
DA:57,1
DA:64,1
DA:65,2
DA:66,3
DA:67,2
DA:68,1
DA:69,1
DA:70,1
DA:71,1
DA:78,1
DA:79,2
DA:80,2
DA:81,2
DA:83,1
DA:84,1
DA:85,1
DA:91,1
DA:92,1
DA:93,0
DA:95,1
DA:99,1
LF:45
LH:44
BRDA:6,0,0,1
BRDA:6,0,1,1
BRDA:41,1,0,1
BRDA:41,1,1,1
BRDA:67,2,0,1
BRDA:67,2,1,1
BRDA:81,3,0,1
BRDA:81,3,1,1
BRDA:92,4,0,0
BRDA:92,4,1,1
BRF:10
BRH:9
end_of_record
